-------------------------------------------------------------------------------
Test set: com.example.assignment.AssignmentApplicationTests
-------------------------------------------------------------------------------
Tests run: 1, Failures: 0, Errors: 1, Skipped: 0, Time elapsed: 4.977 s <<< FAILURE! - in com.example.assignment.AssignmentApplicationTests
contextLoads  Time elapsed: 0.013 s  <<< ERROR!
java.lang.IllegalStateException: Failed to load ApplicationContext
Caused by: org.springframework.context.ApplicationContextException: Failed to start bean 'documentationPluginsBootstrapper'; nested exception is java.lang.NullPointerException
Caused by: java.lang.NullPointerException

